#
# A fatal error has been detected by the Java Runtime Environment:
#
#  EXCEPTION_ACCESS_VIOLATION (0xc0000005) at pc=0x00007ff94d3240a5, pid=15628, tid=25092
#
# JRE version: OpenJDK Runtime Environment Temurin-11.0.16.1+1 (11.0.16.1+1) (build 11.0.16.1+1)
# Java VM: OpenJDK 64-Bit Server VM Temurin-11.0.16.1+1 (11.0.16.1+1, mixed mode, tiered, compressed oops, g1 gc, windows-amd64)
# Problematic frame:
# V  [jvm.dll+0x5d40a5]
#
# No core dump will be written. Minidumps are not enabled by default on client versions of Windows
#
# If you would like to submit a bug report, please visit:
#   https://github.com/adoptium/adoptium-support/issues
#

---------------  S U M M A R Y ------------

Command Line: -agentlib:jdwp=transport=dt_socket,suspend=y,address=localhost:53960 -javaagent:C:\Users\ajax2\eclipse\java-2022-06\eclipse\configuration\org.eclipse.osgi\215\0\.cp\lib\javaagent-shaded.jar -Dfile.encoding=UTF-8 fes.aragon.inicio.Problemas

Host: 11th Gen Intel(R) Core(TM) i5-11400H @ 2.70GHz, 12 cores, 15G,  Windows 11 , 64 bit Build 22000 (10.0.22000.708)
Time: Tue Aug 23 21:39:52 2022 Hora de verano central (México) elapsed time: 994.935709 seconds (0d 0h 16m 34s)

---------------  T H R E A D  ---------------

Current thread (0x00000273bb81d000):  VMThread "VM Thread" [stack: 0x000000af78300000,0x000000af78400000] [id=25092]

Stack: [0x000000af78300000,0x000000af78400000],  sp=0x000000af783ff080,  free space=1020k
Native frames: (J=compiled Java code, j=interpreted, Vv=VM code, C=native code)
V  [jvm.dll+0x5d40a5]
V  [jvm.dll+0x4df662]
V  [jvm.dll+0x4defed]
V  [jvm.dll+0x7aef6c]
V  [jvm.dll+0x7b30a7]
V  [jvm.dll+0x7b3919]
V  [jvm.dll+0x7b3ca7]
V  [jvm.dll+0x767544]
V  [jvm.dll+0x61dff5]
C  [ucrtbase.dll+0x26c0c]
C  [KERNEL32.DLL+0x154e0]
C  [ntdll.dll+0x485b]


siginfo: EXCEPTION_ACCESS_VIOLATION (0xc0000005), reading address 0xffffffffffffffff


Register to memory mapping:

RIP=0x00007ff94d3240a5 jvm.dll
RAX=0xca000273bd0d8618 is an unknown value
RBX=0x00000273bc6494a0 points into unknown readable memory: 0x0000003700000000 | 00 00 00 00 37 00 00 00
RCX={method} {0x00000273bd0d8538} 'main' '([Ljava/lang/String;)V' in 'fes/aragon/inicio/Problemas'
RDX=0x00000273bb81d000 points into unknown readable memory: 0x00007ff94d68b6e8 | e8 b6 68 4d f9 7f 00 00
RSP=0x000000af783ff080 points into unknown readable memory: 0x00000273bc6494a0 | a0 94 64 bc 73 02 00 00
RBP=0x00000008000d2b38 is a pointer to class: 
fes.aragon.inicio.Problemas {0x00000008000d2b40}
RSI=0x00000273bb81d000 points into unknown readable memory: 0x00007ff94d68b6e8 | e8 b6 68 4d f9 7f 00 00
RDI={method} {0x00000273bd0d8538} 'main' '([Ljava/lang/String;)V' in 'fes/aragon/inicio/Problemas'
R8 =0x0000000000000005 is an unknown value
R9 =0x000000000000000d is an unknown value
R10=0x0 is NULL
R11=0x03c0000000000000 is an unknown value
R12=0x00000273bc0c00a0 points into unknown readable memory: 0x676172612e736566 | 66 65 73 2e 61 72 61 67
R13=0x00000008000d2fa0 is a pointer to class: 
fes.aragon.inicio.Problemas {0x00000008000d2fa8}
R14=0x00000273bc0c0090 points into unknown readable memory: 0x0000000000000000 | 00 00 00 00 00 00 00 00
R15=0x00000000000003d8 is an unknown value


Registers:
RAX=0xca000273bd0d8618, RBX=0x00000273bc6494a0, RCX=0x00000273bd0d8530, RDX=0x00000273bb81d000
RSP=0x000000af783ff080, RBP=0x00000008000d2b38, RSI=0x00000273bb81d000, RDI=0x00000273bd0d8530
R8 =0x0000000000000005, R9 =0x000000000000000d, R10=0x0000000000000000, R11=0x03c0000000000000
R12=0x00000273bc0c00a0, R13=0x00000008000d2fa0, R14=0x00000273bc0c0090, R15=0x00000000000003d8
RIP=0x00007ff94d3240a5, EFLAGS=0x0000000000010286

Top of Stack: (sp=0x000000af783ff080)
0x000000af783ff080:   00000273bc6494a0 00000273bb81d000
0x000000af783ff090:   0000000000000020 00000273bc6493b0
0x000000af783ff0a0:   00000273bd0e0fb8 00000273bb81d000
0x000000af783ff0b0:   00000273bb81d000 00000273bb70d180
0x000000af783ff0c0:   00000273955ce770 00000273955ce780
0x000000af783ff0d0:   00000273955ce858 00000000000000d8
0x000000af783ff0e0:   000000af783ff3b0 0000000000000020
0x000000af783ff0f0:   00000273bd0d8530 00007ff94d22f662
0x000000af783ff100:   00000273bd0e0fb8 00000273bc0c0478
0x000000af783ff110:   00000273bb70cc40 000000af783ff1b0
0x000000af783ff120:   00000273bb77f440 00000273bb781980
0x000000af783ff130:   00000273bb82b000 00000273bc2c13b0
0x000000af783ff140:   0000027397819810 00000000000003d8
0x000000af783ff150:   00000273bc0c0478 00007ff94d5c4568
0x000000af783ff160:   00000273bc2c13b0 000000af78eff920
0x000000af783ff170:   00000273bc0c00a0 00007ff94d8330c0 

Instructions: (pc=0x00007ff94d3240a5)
0x00007ff94d323fa5:   24 20 c7 44 24 44 00 00 00 00 c7 44 24 38 63 00
0x00007ff94d323fb5:   00 00 e8 94 d8 11 00 8b 44 24 38 48 83 c4 58 c3
0x00007ff94d323fc5:   cc cc cc cc cc cc cc cc cc cc cc 48 89 5c 24 10
0x00007ff94d323fd5:   48 89 6c 24 18 48 89 74 24 20 57 48 83 ec 70 48
0x00007ff94d323fe5:   8b 41 08 48 8b f9 48 63 f2 4c 8b 40 08 49 8b 68
0x00007ff94d323ff5:   18 45 33 c0 41 8d 50 01 8d 4a 17 e8 2b 55 ae ff
0x00007ff94d324005:   48 8b d8 48 85 c0 74 44 89 70 04 48 8b 47 08 0f
0x00007ff94d324015:   b7 48 2a 66 89 4b 08 48 8b 47 08 0f b7 48 2c 66
0x00007ff94d324025:   89 4b 0a 48 8b 47 08 0f b6 54 06 38 89 13 81 fa
0x00007ff94d324035:   ca 00 00 00 75 0c 8b d6 48 8b cf e8 bb ea ff ff
0x00007ff94d324045:   89 03 48 c7 43 10 00 00 00 00 eb 02 33 db 48 8b
0x00007ff94d324055:   85 70 01 00 00 8b 0d 2c 48 51 00 48 89 43 10 65
0x00007ff94d324065:   48 8b 04 25 58 00 00 00 48 89 9d 70 01 00 00 be
0x00007ff94d324075:   08 00 00 00 48 8b 04 c8 48 63 4b 04 48 8b 34 06
0x00007ff94d324085:   48 8b 47 08 48 8b d6 c6 44 01 38 ca 48 8b cf e8
0x00007ff94d324095:   77 2a bd ff 48 83 7e 08 00 75 09 48 85 c0 74 04
0x00007ff94d3240a5:   66 ff 40 16 48 8b d6 48 8d 4c 24 30 e8 ba df d6
0x00007ff94d3240b5:   ff 48 89 7c 24 20 48 8d 94 24 80 00 00 00 48 89
0x00007ff94d3240c5:   74 24 28 48 8b 8e 88 02 00 00 48 89 bc 24 80 00
0x00007ff94d3240d5:   00 00 e8 d4 5d a3 ff 48 8d 4c 24 20 e8 7a 52 c1
0x00007ff94d3240e5:   ff 48 8d 4c 24 20 e8 d0 de d6 ff 48 8d 4c 24 30
0x00007ff94d3240f5:   e8 56 de d6 ff 4c 8d 5c 24 70 49 8b 5b 18 49 8b
0x00007ff94d324105:   6b 20 49 8b 73 28 49 8b e3 5f c3 48 89 5c 24 08
0x00007ff94d324115:   48 89 74 24 10 48 89 7c 24 18 41 56 48 83 ec 20
0x00007ff94d324125:   48 8b 1d 44 b2 4e 00 4c 8b f2 48 8b f1 48 85 db
0x00007ff94d324135:   74 08 48 8b cb e8 11 bd 01 00 4c 8b 06 49 8b 40
0x00007ff94d324145:   08 48 3b 05 23 e3 4c 00 73 0d 48 3b 05 12 e3 4c
0x00007ff94d324155:   00 72 04 b2 01 eb 02 32 d2 48 8b 48 18 84 d2 74
0x00007ff94d324165:   03 48 8b 09 48 85 c9 75 27 4c 8d 0d d3 22 32 00
0x00007ff94d324175:   ba b0 04 00 00 4c 8d 05 ef 22 32 00 48 8d 0d 98
0x00007ff94d324185:   22 32 00 e8 a3 b9 c7 ff e8 1e 31 04 00 4c 8b 06
0x00007ff94d324195:   4d 89 70 40 49 8b ce 49 8b 06 ff 90 c8 00 00 00 


Stack slot to memory mapping:
stack at sp + 0 slots: 0x00000273bc6494a0 points into unknown readable memory: 0x0000003700000000 | 00 00 00 00 37 00 00 00
stack at sp + 1 slots: 0x00000273bb81d000 points into unknown readable memory: 0x00007ff94d68b6e8 | e8 b6 68 4d f9 7f 00 00
stack at sp + 2 slots: 0x0000000000000020 is an unknown value
stack at sp + 3 slots: 0x00000273bc6493b0 points into unknown readable memory: 0x00000273bb7098b0 | b0 98 70 bb 73 02 00 00
stack at sp + 4 slots: {method} {0x00000273bd0e0fc0} 'main' '([Ljava/lang/String;)V' in 'fes/aragon/inicio/Problemas'
stack at sp + 5 slots: 0x00000273bb81d000 points into unknown readable memory: 0x00007ff94d68b6e8 | e8 b6 68 4d f9 7f 00 00
stack at sp + 6 slots: 0x00000273bb81d000 points into unknown readable memory: 0x00007ff94d68b6e8 | e8 b6 68 4d f9 7f 00 00
stack at sp + 7 slots: 0x00000273bb70d180 points into unknown readable memory: 0x0000000000000002 | 02 00 00 00 00 00 00 00

VM_Operation (0x000000af78eff920): ChangeBreakpoints, mode: safepoint, requested by thread 0x00000273bc595000


---------------  P R O C E S S  ---------------

Threads class SMR info:
_java_thread_list=0x00000273bc23e820, length=13, elements={
0x000002739782e800, 0x00000273bb81f000, 0x00000273bb829800, 0x00000273bb838000,
0x00000273bc128800, 0x00000273bc129800, 0x00000273bc137000, 0x00000273bc13c000,
0x00000273bc17e000, 0x00000273bc0c1000, 0x00000273bc595000, 0x00000273bc648800,
0x00000273bc64a000
}

Java Threads: ( => current thread )
  0x000002739782e800 JavaThread "main" [_thread_blocked, id=19076, stack(0x000000af77d00000,0x000000af77e00000)]
  0x00000273bb81f000 JavaThread "Reference Handler" daemon [_thread_blocked, id=7768, stack(0x000000af78400000,0x000000af78500000)]
  0x00000273bb829800 JavaThread "Finalizer" daemon [_thread_blocked, id=3532, stack(0x000000af78500000,0x000000af78600000)]
  0x00000273bb838000 JavaThread "Signal Dispatcher" daemon [_thread_blocked, id=2012, stack(0x000000af78600000,0x000000af78700000)]
  0x00000273bc128800 JavaThread "Attach Listener" daemon [_thread_blocked, id=3664, stack(0x000000af78700000,0x000000af78800000)]
  0x00000273bc129800 JavaThread "Service Thread" daemon [_thread_blocked, id=18900, stack(0x000000af78800000,0x000000af78900000)]
  0x00000273bc137000 JavaThread "C2 CompilerThread0" daemon [_thread_blocked, id=16568, stack(0x000000af78900000,0x000000af78a00000)]
  0x00000273bc13c000 JavaThread "C1 CompilerThread0" daemon [_thread_blocked, id=13292, stack(0x000000af78a00000,0x000000af78b00000)]
  0x00000273bc17e000 JavaThread "Sweeper thread" daemon [_thread_blocked, id=18392, stack(0x000000af78b00000,0x000000af78c00000)]
  0x00000273bc0c1000 JavaThread "Common-Cleaner" daemon [_thread_blocked, id=22124, stack(0x000000af78c00000,0x000000af78d00000)]
  0x00000273bc595000 JavaThread "JDWP Transport Listener: dt_socket" daemon [_thread_blocked, id=11052, stack(0x000000af78e00000,0x000000af78f00000)]
  0x00000273bc648800 JavaThread "JDWP Event Helper Thread" daemon [_thread_blocked, id=11340, stack(0x000000af78f00000,0x000000af79000000)]
  0x00000273bc64a000 JavaThread "JDWP Command Reader" daemon [_thread_in_native, id=3436, stack(0x000000af79000000,0x000000af79100000)]

Other Threads:
=>0x00000273bb81d000 VMThread "VM Thread" [stack: 0x000000af78300000,0x000000af78400000] [id=25092]
  0x00000273bc6fd000 WatcherThread [stack: 0x000000af79100000,0x000000af79200000] [id=1000]
  0x0000027397847000 GCTaskThread "GC Thread#0" [stack: 0x000000af77e00000,0x000000af77f00000] [id=5828]
  0x00000273978a4800 ConcurrentGCThread "G1 Main Marker" [stack: 0x000000af77f00000,0x000000af78000000] [id=10924]
  0x00000273978a6800 ConcurrentGCThread "G1 Conc#0" [stack: 0x000000af78000000,0x000000af78100000] [id=13332]
  0x00000273bb703800 ConcurrentGCThread "G1 Refine#0" [stack: 0x000000af78100000,0x000000af78200000] [id=15016]
  0x00000273bb708800 ConcurrentGCThread "G1 Young RemSet Sampling" [stack: 0x000000af78200000,0x000000af78300000] [id=14368]

Threads with active compile tasks:

VM state:at safepoint (normal execution)

VM Mutex/Monitor currently owned by a thread:  ([mutex/lock_event])
[0x000002739782a630] Threads_lock - owner thread: 0x00000273bb81d000

Heap address: 0x0000000704000000, size: 4032 MB, Compressed Oops mode: Zero based, Oop shift amount: 3
Narrow klass base: 0x0000000800000000, Narrow klass shift: 0
Compressed class space size: 1073741824 Address: 0x0000000800000000

Heap:
 garbage-first heap   total 258048K, used 5120K [0x0000000704000000, 0x0000000800000000)
  region size 1024K, 6 young (6144K), 0 survivors (0K)
 Metaspace       used 9044K, capacity 9224K, committed 9344K, reserved 1058816K
  class space    used 784K, capacity 836K, committed 896K, reserved 1048576K
Heap Regions: E=young(eden), S=young(survivor), O=old, HS=humongous(starts), HC=humongous(continues), CS=collection set, F=free, A=archive, TAMS=top-at-mark-start (previous, next)
|   0|0x0000000704000000, 0x0000000704000000, 0x0000000704100000|  0%| F|  |TAMS 0x0000000704000000, 0x0000000704000000| Untracked 
|   1|0x0000000704100000, 0x0000000704100000, 0x0000000704200000|  0%| F|  |TAMS 0x0000000704100000, 0x0000000704100000| Untracked 
|   2|0x0000000704200000, 0x0000000704200000, 0x0000000704300000|  0%| F|  |TAMS 0x0000000704200000, 0x0000000704200000| Untracked 
|   3|0x0000000704300000, 0x0000000704300000, 0x0000000704400000|  0%| F|  |TAMS 0x0000000704300000, 0x0000000704300000| Untracked 
|   4|0x0000000704400000, 0x0000000704400000, 0x0000000704500000|  0%| F|  |TAMS 0x0000000704400000, 0x0000000704400000| Untracked 
|   5|0x0000000704500000, 0x0000000704500000, 0x0000000704600000|  0%| F|  |TAMS 0x0000000704500000, 0x0000000704500000| Untracked 
|   6|0x0000000704600000, 0x0000000704600000, 0x0000000704700000|  0%| F|  |TAMS 0x0000000704600000, 0x0000000704600000| Untracked 
|   7|0x0000000704700000, 0x0000000704700000, 0x0000000704800000|  0%| F|  |TAMS 0x0000000704700000, 0x0000000704700000| Untracked 
|   8|0x0000000704800000, 0x0000000704800000, 0x0000000704900000|  0%| F|  |TAMS 0x0000000704800000, 0x0000000704800000| Untracked 
|   9|0x0000000704900000, 0x0000000704900000, 0x0000000704a00000|  0%| F|  |TAMS 0x0000000704900000, 0x0000000704900000| Untracked 
|  10|0x0000000704a00000, 0x0000000704a00000, 0x0000000704b00000|  0%| F|  |TAMS 0x0000000704a00000, 0x0000000704a00000| Untracked 
|  11|0x0000000704b00000, 0x0000000704b00000, 0x0000000704c00000|  0%| F|  |TAMS 0x0000000704b00000, 0x0000000704b00000| Untracked 
|  12|0x0000000704c00000, 0x0000000704c00000, 0x0000000704d00000|  0%| F|  |TAMS 0x0000000704c00000, 0x0000000704c00000| Untracked 
|  13|0x0000000704d00000, 0x0000000704d00000, 0x0000000704e00000|  0%| F|  |TAMS 0x0000000704d00000, 0x0000000704d00000| Untracked 
|  14|0x0000000704e00000, 0x0000000704e00000, 0x0000000704f00000|  0%| F|  |TAMS 0x0000000704e00000, 0x0000000704e00000| Untracked 
|  15|0x0000000704f00000, 0x0000000704f00000, 0x0000000705000000|  0%| F|  |TAMS 0x0000000704f00000, 0x0000000704f00000| Untracked 
|  16|0x0000000705000000, 0x0000000705000000, 0x0000000705100000|  0%| F|  |TAMS 0x0000000705000000, 0x0000000705000000| Untracked 
|  17|0x0000000705100000, 0x0000000705100000, 0x0000000705200000|  0%| F|  |TAMS 0x0000000705100000, 0x0000000705100000| Untracked 
|  18|0x0000000705200000, 0x0000000705200000, 0x0000000705300000|  0%| F|  |TAMS 0x0000000705200000, 0x0000000705200000| Untracked 
|  19|0x0000000705300000, 0x0000000705300000, 0x0000000705400000|  0%| F|  |TAMS 0x0000000705300000, 0x0000000705300000| Untracked 
|  20|0x0000000705400000, 0x0000000705400000, 0x0000000705500000|  0%| F|  |TAMS 0x0000000705400000, 0x0000000705400000| Untracked 
|  21|0x0000000705500000, 0x0000000705500000, 0x0000000705600000|  0%| F|  |TAMS 0x0000000705500000, 0x0000000705500000| Untracked 
|  22|0x0000000705600000, 0x0000000705600000, 0x0000000705700000|  0%| F|  |TAMS 0x0000000705600000, 0x0000000705600000| Untracked 
|  23|0x0000000705700000, 0x0000000705700000, 0x0000000705800000|  0%| F|  |TAMS 0x0000000705700000, 0x0000000705700000| Untracked 
|  24|0x0000000705800000, 0x0000000705800000, 0x0000000705900000|  0%| F|  |TAMS 0x0000000705800000, 0x0000000705800000| Untracked 
|  25|0x0000000705900000, 0x0000000705900000, 0x0000000705a00000|  0%| F|  |TAMS 0x0000000705900000, 0x0000000705900000| Untracked 
|  26|0x0000000705a00000, 0x0000000705a00000, 0x0000000705b00000|  0%| F|  |TAMS 0x0000000705a00000, 0x0000000705a00000| Untracked 
|  27|0x0000000705b00000, 0x0000000705b00000, 0x0000000705c00000|  0%| F|  |TAMS 0x0000000705b00000, 0x0000000705b00000| Untracked 
|  28|0x0000000705c00000, 0x0000000705c00000, 0x0000000705d00000|  0%| F|  |TAMS 0x0000000705c00000, 0x0000000705c00000| Untracked 
|  29|0x0000000705d00000, 0x0000000705d00000, 0x0000000705e00000|  0%| F|  |TAMS 0x0000000705d00000, 0x0000000705d00000| Untracked 
|  30|0x0000000705e00000, 0x0000000705e00000, 0x0000000705f00000|  0%| F|  |TAMS 0x0000000705e00000, 0x0000000705e00000| Untracked 
|  31|0x0000000705f00000, 0x0000000705f00000, 0x0000000706000000|  0%| F|  |TAMS 0x0000000705f00000, 0x0000000705f00000| Untracked 
|  32|0x0000000706000000, 0x0000000706000000, 0x0000000706100000|  0%| F|  |TAMS 0x0000000706000000, 0x0000000706000000| Untracked 
|  33|0x0000000706100000, 0x0000000706100000, 0x0000000706200000|  0%| F|  |TAMS 0x0000000706100000, 0x0000000706100000| Untracked 
|  34|0x0000000706200000, 0x0000000706200000, 0x0000000706300000|  0%| F|  |TAMS 0x0000000706200000, 0x0000000706200000| Untracked 
|  35|0x0000000706300000, 0x0000000706300000, 0x0000000706400000|  0%| F|  |TAMS 0x0000000706300000, 0x0000000706300000| Untracked 
|  36|0x0000000706400000, 0x0000000706400000, 0x0000000706500000|  0%| F|  |TAMS 0x0000000706400000, 0x0000000706400000| Untracked 
|  37|0x0000000706500000, 0x0000000706500000, 0x0000000706600000|  0%| F|  |TAMS 0x0000000706500000, 0x0000000706500000| Untracked 
|  38|0x0000000706600000, 0x0000000706600000, 0x0000000706700000|  0%| F|  |TAMS 0x0000000706600000, 0x0000000706600000| Untracked 
|  39|0x0000000706700000, 0x0000000706700000, 0x0000000706800000|  0%| F|  |TAMS 0x0000000706700000, 0x0000000706700000| Untracked 
|  40|0x0000000706800000, 0x0000000706800000, 0x0000000706900000|  0%| F|  |TAMS 0x0000000706800000, 0x0000000706800000| Untracked 
|  41|0x0000000706900000, 0x0000000706900000, 0x0000000706a00000|  0%| F|  |TAMS 0x0000000706900000, 0x0000000706900000| Untracked 
|  42|0x0000000706a00000, 0x0000000706a00000, 0x0000000706b00000|  0%| F|  |TAMS 0x0000000706a00000, 0x0000000706a00000| Untracked 
|  43|0x0000000706b00000, 0x0000000706b00000, 0x0000000706c00000|  0%| F|  |TAMS 0x0000000706b00000, 0x0000000706b00000| Untracked 
|  44|0x0000000706c00000, 0x0000000706c00000, 0x0000000706d00000|  0%| F|  |TAMS 0x0000000706c00000, 0x0000000706c00000| Untracked 
|  45|0x0000000706d00000, 0x0000000706d00000, 0x0000000706e00000|  0%| F|  |TAMS 0x0000000706d00000, 0x0000000706d00000| Untracked 
|  46|0x0000000706e00000, 0x0000000706e00000, 0x0000000706f00000|  0%| F|  |TAMS 0x0000000706e00000, 0x0000000706e00000| Untracked 
|  47|0x0000000706f00000, 0x0000000706f00000, 0x0000000707000000|  0%| F|  |TAMS 0x0000000706f00000, 0x0000000706f00000| Untracked 
|  48|0x0000000707000000, 0x0000000707000000, 0x0000000707100000|  0%| F|  |TAMS 0x0000000707000000, 0x0000000707000000| Untracked 
|  49|0x0000000707100000, 0x0000000707100000, 0x0000000707200000|  0%| F|  |TAMS 0x0000000707100000, 0x0000000707100000| Untracked 
|  50|0x0000000707200000, 0x0000000707200000, 0x0000000707300000|  0%| F|  |TAMS 0x0000000707200000, 0x0000000707200000| Untracked 
|  51|0x0000000707300000, 0x0000000707300000, 0x0000000707400000|  0%| F|  |TAMS 0x0000000707300000, 0x0000000707300000| Untracked 
|  52|0x0000000707400000, 0x0000000707400000, 0x0000000707500000|  0%| F|  |TAMS 0x0000000707400000, 0x0000000707400000| Untracked 
|  53|0x0000000707500000, 0x0000000707500000, 0x0000000707600000|  0%| F|  |TAMS 0x0000000707500000, 0x0000000707500000| Untracked 
|  54|0x0000000707600000, 0x0000000707600000, 0x0000000707700000|  0%| F|  |TAMS 0x0000000707600000, 0x0000000707600000| Untracked 
|  55|0x0000000707700000, 0x0000000707700000, 0x0000000707800000|  0%| F|  |TAMS 0x0000000707700000, 0x0000000707700000| Untracked 
|  56|0x0000000707800000, 0x0000000707800000, 0x0000000707900000|  0%| F|  |TAMS 0x0000000707800000, 0x0000000707800000| Untracked 
|  57|0x0000000707900000, 0x0000000707900000, 0x0000000707a00000|  0%| F|  |TAMS 0x0000000707900000, 0x0000000707900000| Untracked 
|  58|0x0000000707a00000, 0x0000000707a00000, 0x0000000707b00000|  0%| F|  |TAMS 0x0000000707a00000, 0x0000000707a00000| Untracked 
|  59|0x0000000707b00000, 0x0000000707b00000, 0x0000000707c00000|  0%| F|  |TAMS 0x0000000707b00000, 0x0000000707b00000| Untracked 
|  60|0x0000000707c00000, 0x0000000707c00000, 0x0000000707d00000|  0%| F|  |TAMS 0x0000000707c00000, 0x0000000707c00000| Untracked 
|  61|0x0000000707d00000, 0x0000000707d00000, 0x0000000707e00000|  0%| F|  |TAMS 0x0000000707d00000, 0x0000000707d00000| Untracked 
|  62|0x0000000707e00000, 0x0000000707e00000, 0x0000000707f00000|  0%| F|  |TAMS 0x0000000707e00000, 0x0000000707e00000| Untracked 
|  63|0x0000000707f00000, 0x0000000707f00000, 0x0000000708000000|  0%| F|  |TAMS 0x0000000707f00000, 0x0000000707f00000| Untracked 
|  64|0x0000000708000000, 0x0000000708000000, 0x0000000708100000|  0%| F|  |TAMS 0x0000000708000000, 0x0000000708000000| Untracked 
|  65|0x0000000708100000, 0x0000000708100000, 0x0000000708200000|  0%| F|  |TAMS 0x0000000708100000, 0x0000000708100000| Untracked 
|  66|0x0000000708200000, 0x0000000708200000, 0x0000000708300000|  0%| F|  |TAMS 0x0000000708200000, 0x0000000708200000| Untracked 
|  67|0x0000000708300000, 0x0000000708300000, 0x0000000708400000|  0%| F|  |TAMS 0x0000000708300000, 0x0000000708300000| Untracked 
|  68|0x0000000708400000, 0x0000000708400000, 0x0000000708500000|  0%| F|  |TAMS 0x0000000708400000, 0x0000000708400000| Untracked 
|  69|0x0000000708500000, 0x0000000708500000, 0x0000000708600000|  0%| F|  |TAMS 0x0000000708500000, 0x0000000708500000| Untracked 
|  70|0x0000000708600000, 0x0000000708600000, 0x0000000708700000|  0%| F|  |TAMS 0x0000000708600000, 0x0000000708600000| Untracked 
|  71|0x0000000708700000, 0x0000000708700000, 0x0000000708800000|  0%| F|  |TAMS 0x0000000708700000, 0x0000000708700000| Untracked 
|  72|0x0000000708800000, 0x0000000708800000, 0x0000000708900000|  0%| F|  |TAMS 0x0000000708800000, 0x0000000708800000| Untracked 
|  73|0x0000000708900000, 0x0000000708900000, 0x0000000708a00000|  0%| F|  |TAMS 0x0000000708900000, 0x0000000708900000| Untracked 
|  74|0x0000000708a00000, 0x0000000708a00000, 0x0000000708b00000|  0%| F|  |TAMS 0x0000000708a00000, 0x0000000708a00000| Untracked 
|  75|0x0000000708b00000, 0x0000000708b00000, 0x0000000708c00000|  0%| F|  |TAMS 0x0000000708b00000, 0x0000000708b00000| Untracked 
|  76|0x0000000708c00000, 0x0000000708c00000, 0x0000000708d00000|  0%| F|  |TAMS 0x0000000708c00000, 0x0000000708c00000| Untracked 
|  77|0x0000000708d00000, 0x0000000708d00000, 0x0000000708e00000|  0%| F|  |TAMS 0x0000000708d00000, 0x0000000708d00000| Untracked 
|  78|0x0000000708e00000, 0x0000000708e00000, 0x0000000708f00000|  0%| F|  |TAMS 0x0000000708e00000, 0x0000000708e00000| Untracked 
|  79|0x0000000708f00000, 0x0000000708f00000, 0x0000000709000000|  0%| F|  |TAMS 0x0000000708f00000, 0x0000000708f00000| Untracked 
|  80|0x0000000709000000, 0x0000000709000000, 0x0000000709100000|  0%| F|  |TAMS 0x0000000709000000, 0x0000000709000000| Untracked 
|  81|0x0000000709100000, 0x0000000709100000, 0x0000000709200000|  0%| F|  |TAMS 0x0000000709100000, 0x0000000709100000| Untracked 
|  82|0x0000000709200000, 0x0000000709200000, 0x0000000709300000|  0%| F|  |TAMS 0x0000000709200000, 0x0000000709200000| Untracked 
|  83|0x0000000709300000, 0x0000000709300000, 0x0000000709400000|  0%| F|  |TAMS 0x0000000709300000, 0x0000000709300000| Untracked 
|  84|0x0000000709400000, 0x0000000709400000, 0x0000000709500000|  0%| F|  |TAMS 0x0000000709400000, 0x0000000709400000| Untracked 
|  85|0x0000000709500000, 0x0000000709500000, 0x0000000709600000|  0%| F|  |TAMS 0x0000000709500000, 0x0000000709500000| Untracked 
|  86|0x0000000709600000, 0x0000000709600000, 0x0000000709700000|  0%| F|  |TAMS 0x0000000709600000, 0x0000000709600000| Untracked 
|  87|0x0000000709700000, 0x0000000709700000, 0x0000000709800000|  0%| F|  |TAMS 0x0000000709700000, 0x0000000709700000| Untracked 
|  88|0x0000000709800000, 0x0000000709800000, 0x0000000709900000|  0%| F|  |TAMS 0x0000000709800000, 0x0000000709800000| Untracked 
|  89|0x0000000709900000, 0x0000000709900000, 0x0000000709a00000|  0%| F|  |TAMS 0x0000000709900000, 0x0000000709900000| Untracked 
|  90|0x0000000709a00000, 0x0000000709a00000, 0x0000000709b00000|  0%| F|  |TAMS 0x0000000709a00000, 0x0000000709a00000| Untracked 
|  91|0x0000000709b00000, 0x0000000709b00000, 0x0000000709c00000|  0%| F|  |TAMS 0x0000000709b00000, 0x0000000709b00000| Untracked 
|  92|0x0000000709c00000, 0x0000000709c00000, 0x0000000709d00000|  0%| F|  |TAMS 0x0000000709c00000, 0x0000000709c00000| Untracked 
|  93|0x0000000709d00000, 0x0000000709d00000, 0x0000000709e00000|  0%| F|  |TAMS 0x0000000709d00000, 0x0000000709d00000| Untracked 
|  94|0x0000000709e00000, 0x0000000709e00000, 0x0000000709f00000|  0%| F|  |TAMS 0x0000000709e00000, 0x0000000709e00000| Untracked 
|  95|0x0000000709f00000, 0x0000000709f00000, 0x000000070a000000|  0%| F|  |TAMS 0x0000000709f00000, 0x0000000709f00000| Untracked 
|  96|0x000000070a000000, 0x000000070a000000, 0x000000070a100000|  0%| F|  |TAMS 0x000000070a000000, 0x000000070a000000| Untracked 
|  97|0x000000070a100000, 0x000000070a100000, 0x000000070a200000|  0%| F|  |TAMS 0x000000070a100000, 0x000000070a100000| Untracked 
|  98|0x000000070a200000, 0x000000070a200000, 0x000000070a300000|  0%| F|  |TAMS 0x000000070a200000, 0x000000070a200000| Untracked 
|  99|0x000000070a300000, 0x000000070a300000, 0x000000070a400000|  0%| F|  |TAMS 0x000000070a300000, 0x000000070a300000| Untracked 
| 100|0x000000070a400000, 0x000000070a400000, 0x000000070a500000|  0%| F|  |TAMS 0x000000070a400000, 0x000000070a400000| Untracked 
| 101|0x000000070a500000, 0x000000070a500000, 0x000000070a600000|  0%| F|  |TAMS 0x000000070a500000, 0x000000070a500000| Untracked 
| 102|0x000000070a600000, 0x000000070a600000, 0x000000070a700000|  0%| F|  |TAMS 0x000000070a600000, 0x000000070a600000| Untracked 
| 103|0x000000070a700000, 0x000000070a700000, 0x000000070a800000|  0%| F|  |TAMS 0x000000070a700000, 0x000000070a700000| Untracked 
| 104|0x000000070a800000, 0x000000070a800000, 0x000000070a900000|  0%| F|  |TAMS 0x000000070a800000, 0x000000070a800000| Untracked 
| 105|0x000000070a900000, 0x000000070a900000, 0x000000070aa00000|  0%| F|  |TAMS 0x000000070a900000, 0x000000070a900000| Untracked 
| 106|0x000000070aa00000, 0x000000070aa00000, 0x000000070ab00000|  0%| F|  |TAMS 0x000000070aa00000, 0x000000070aa00000| Untracked 
| 107|0x000000070ab00000, 0x000000070ab00000, 0x000000070ac00000|  0%| F|  |TAMS 0x000000070ab00000, 0x000000070ab00000| Untracked 
| 108|0x000000070ac00000, 0x000000070ac00000, 0x000000070ad00000|  0%| F|  |TAMS 0x000000070ac00000, 0x000000070ac00000| Untracked 
| 109|0x000000070ad00000, 0x000000070ad00000, 0x000000070ae00000|  0%| F|  |TAMS 0x000000070ad00000, 0x000000070ad00000| Untracked 
| 110|0x000000070ae00000, 0x000000070ae00000, 0x000000070af00000|  0%| F|  |TAMS 0x000000070ae00000, 0x000000070ae00000| Untracked 
| 111|0x000000070af00000, 0x000000070af00000, 0x000000070b000000|  0%| F|  |TAMS 0x000000070af00000, 0x000000070af00000| Untracked 
| 112|0x000000070b000000, 0x000000070b000000, 0x000000070b100000|  0%| F|  |TAMS 0x000000070b000000, 0x000000070b000000| Untracked 
| 113|0x000000070b100000, 0x000000070b100000, 0x000000070b200000|  0%| F|  |TAMS 0x000000070b100000, 0x000000070b100000| Untracked 
| 114|0x000000070b200000, 0x000000070b200000, 0x000000070b300000|  0%| F|  |TAMS 0x000000070b200000, 0x000000070b200000| Untracked 
| 115|0x000000070b300000, 0x000000070b300000, 0x000000070b400000|  0%| F|  |TAMS 0x000000070b300000, 0x000000070b300000| Untracked 
| 116|0x000000070b400000, 0x000000070b400000, 0x000000070b500000|  0%| F|  |TAMS 0x000000070b400000, 0x000000070b400000| Untracked 
| 117|0x000000070b500000, 0x000000070b500000, 0x000000070b600000|  0%| F|  |TAMS 0x000000070b500000, 0x000000070b500000| Untracked 
| 118|0x000000070b600000, 0x000000070b600000, 0x000000070b700000|  0%| F|  |TAMS 0x000000070b600000, 0x000000070b600000| Untracked 
| 119|0x000000070b700000, 0x000000070b700000, 0x000000070b800000|  0%| F|  |TAMS 0x000000070b700000, 0x000000070b700000| Untracked 
| 120|0x000000070b800000, 0x000000070b800000, 0x000000070b900000|  0%| F|  |TAMS 0x000000070b800000, 0x000000070b800000| Untracked 
| 121|0x000000070b900000, 0x000000070b900000, 0x000000070ba00000|  0%| F|  |TAMS 0x000000070b900000, 0x000000070b900000| Untracked 
| 122|0x000000070ba00000, 0x000000070ba00000, 0x000000070bb00000|  0%| F|  |TAMS 0x000000070ba00000, 0x000000070ba00000| Untracked 
| 123|0x000000070bb00000, 0x000000070bb00000, 0x000000070bc00000|  0%| F|  |TAMS 0x000000070bb00000, 0x000000070bb00000| Untracked 
| 124|0x000000070bc00000, 0x000000070bc00000, 0x000000070bd00000|  0%| F|  |TAMS 0x000000070bc00000, 0x000000070bc00000| Untracked 
| 125|0x000000070bd00000, 0x000000070bd00000, 0x000000070be00000|  0%| F|  |TAMS 0x000000070bd00000, 0x000000070bd00000| Untracked 
| 126|0x000000070be00000, 0x000000070be00000, 0x000000070bf00000|  0%| F|  |TAMS 0x000000070be00000, 0x000000070be00000| Untracked 
| 127|0x000000070bf00000, 0x000000070bf00000, 0x000000070c000000|  0%| F|  |TAMS 0x000000070bf00000, 0x000000070bf00000| Untracked 
| 128|0x000000070c000000, 0x000000070c000000, 0x000000070c100000|  0%| F|  |TAMS 0x000000070c000000, 0x000000070c000000| Untracked 
| 129|0x000000070c100000, 0x000000070c100000, 0x000000070c200000|  0%| F|  |TAMS 0x000000070c100000, 0x000000070c100000| Untracked 
| 130|0x000000070c200000, 0x000000070c200000, 0x000000070c300000|  0%| F|  |TAMS 0x000000070c200000, 0x000000070c200000| Untracked 
| 131|0x000000070c300000, 0x000000070c300000, 0x000000070c400000|  0%| F|  |TAMS 0x000000070c300000, 0x000000070c300000| Untracked 
| 132|0x000000070c400000, 0x000000070c400000, 0x000000070c500000|  0%| F|  |TAMS 0x000000070c400000, 0x000000070c400000| Untracked 
| 133|0x000000070c500000, 0x000000070c500000, 0x000000070c600000|  0%| F|  |TAMS 0x000000070c500000, 0x000000070c500000| Untracked 
| 134|0x000000070c600000, 0x000000070c600000, 0x000000070c700000|  0%| F|  |TAMS 0x000000070c600000, 0x000000070c600000| Untracked 
| 135|0x000000070c700000, 0x000000070c700000, 0x000000070c800000|  0%| F|  |TAMS 0x000000070c700000, 0x000000070c700000| Untracked 
| 136|0x000000070c800000, 0x000000070c800000, 0x000000070c900000|  0%| F|  |TAMS 0x000000070c800000, 0x000000070c800000| Untracked 
| 137|0x000000070c900000, 0x000000070c900000, 0x000000070ca00000|  0%| F|  |TAMS 0x000000070c900000, 0x000000070c900000| Untracked 
| 138|0x000000070ca00000, 0x000000070ca00000, 0x000000070cb00000|  0%| F|  |TAMS 0x000000070ca00000, 0x000000070ca00000| Untracked 
| 139|0x000000070cb00000, 0x000000070cb00000, 0x000000070cc00000|  0%| F|  |TAMS 0x000000070cb00000, 0x000000070cb00000| Untracked 
| 140|0x000000070cc00000, 0x000000070cc00000, 0x000000070cd00000|  0%| F|  |TAMS 0x000000070cc00000, 0x000000070cc00000| Untracked 
| 141|0x000000070cd00000, 0x000000070cd00000, 0x000000070ce00000|  0%| F|  |TAMS 0x000000070cd00000, 0x000000070cd00000| Untracked 
| 142|0x000000070ce00000, 0x000000070ce00000, 0x000000070cf00000|  0%| F|  |TAMS 0x000000070ce00000, 0x000000070ce00000| Untracked 
| 143|0x000000070cf00000, 0x000000070cf00000, 0x000000070d000000|  0%| F|  |TAMS 0x000000070cf00000, 0x000000070cf00000| Untracked 
| 144|0x000000070d000000, 0x000000070d000000, 0x000000070d100000|  0%| F|  |TAMS 0x000000070d000000, 0x000000070d000000| Untracked 
| 145|0x000000070d100000, 0x000000070d100000, 0x000000070d200000|  0%| F|  |TAMS 0x000000070d100000, 0x000000070d100000| Untracked 
| 146|0x000000070d200000, 0x000000070d200000, 0x000000070d300000|  0%| F|  |TAMS 0x000000070d200000, 0x000000070d200000| Untracked 
| 147|0x000000070d300000, 0x000000070d300000, 0x000000070d400000|  0%| F|  |TAMS 0x000000070d300000, 0x000000070d300000| Untracked 
| 148|0x000000070d400000, 0x000000070d400000, 0x000000070d500000|  0%| F|  |TAMS 0x000000070d400000, 0x000000070d400000| Untracked 
| 149|0x000000070d500000, 0x000000070d500000, 0x000000070d600000|  0%| F|  |TAMS 0x000000070d500000, 0x000000070d500000| Untracked 
| 150|0x000000070d600000, 0x000000070d600000, 0x000000070d700000|  0%| F|  |TAMS 0x000000070d600000, 0x000000070d600000| Untracked 
| 151|0x000000070d700000, 0x000000070d700000, 0x000000070d800000|  0%| F|  |TAMS 0x000000070d700000, 0x000000070d700000| Untracked 
| 152|0x000000070d800000, 0x000000070d800000, 0x000000070d900000|  0%| F|  |TAMS 0x000000070d800000, 0x000000070d800000| Untracked 
| 153|0x000000070d900000, 0x000000070d900000, 0x000000070da00000|  0%| F|  |TAMS 0x000000070d900000, 0x000000070d900000| Untracked 
| 154|0x000000070da00000, 0x000000070da00000, 0x000000070db00000|  0%| F|  |TAMS 0x000000070da00000, 0x000000070da00000| Untracked 
| 155|0x000000070db00000, 0x000000070db00000, 0x000000070dc00000|  0%| F|  |TAMS 0x000000070db00000, 0x000000070db00000| Untracked 
| 156|0x000000070dc00000, 0x000000070dc00000, 0x000000070dd00000|  0%| F|  |TAMS 0x000000070dc00000, 0x000000070dc00000| Untracked 
| 157|0x000000070dd00000, 0x000000070dd00000, 0x000000070de00000|  0%| F|  |TAMS 0x000000070dd00000, 0x000000070dd00000| Untracked 
| 158|0x000000070de00000, 0x000000070de00000, 0x000000070df00000|  0%| F|  |TAMS 0x000000070de00000, 0x000000070de00000| Untracked 
| 159|0x000000070df00000, 0x000000070df00000, 0x000000070e000000|  0%| F|  |TAMS 0x000000070df00000, 0x000000070df00000| Untracked 
| 160|0x000000070e000000, 0x000000070e000000, 0x000000070e100000|  0%| F|  |TAMS 0x000000070e000000, 0x000000070e000000| Untracked 
| 161|0x000000070e100000, 0x000000070e100000, 0x000000070e200000|  0%| F|  |TAMS 0x000000070e100000, 0x000000070e100000| Untracked 
| 162|0x000000070e200000, 0x000000070e200000, 0x000000070e300000|  0%| F|  |TAMS 0x000000070e200000, 0x000000070e200000| Untracked 
| 163|0x000000070e300000, 0x000000070e300000, 0x000000070e400000|  0%| F|  |TAMS 0x000000070e300000, 0x000000070e300000| Untracked 
| 164|0x000000070e400000, 0x000000070e400000, 0x000000070e500000|  0%| F|  |TAMS 0x000000070e400000, 0x000000070e400000| Untracked 
| 165|0x000000070e500000, 0x000000070e500000, 0x000000070e600000|  0%| F|  |TAMS 0x000000070e500000, 0x000000070e500000| Untracked 
| 166|0x000000070e600000, 0x000000070e600000, 0x000000070e700000|  0%| F|  |TAMS 0x000000070e600000, 0x000000070e600000| Untracked 
| 167|0x000000070e700000, 0x000000070e700000, 0x000000070e800000|  0%| F|  |TAMS 0x000000070e700000, 0x000000070e700000| Untracked 
| 168|0x000000070e800000, 0x000000070e800000, 0x000000070e900000|  0%| F|  |TAMS 0x000000070e800000, 0x000000070e800000| Untracked 
| 169|0x000000070e900000, 0x000000070e900000, 0x000000070ea00000|  0%| F|  |TAMS 0x000000070e900000, 0x000000070e900000| Untracked 
| 170|0x000000070ea00000, 0x000000070ea00000, 0x000000070eb00000|  0%| F|  |TAMS 0x000000070ea00000, 0x000000070ea00000| Untracked 
| 171|0x000000070eb00000, 0x000000070eb00000, 0x000000070ec00000|  0%| F|  |TAMS 0x000000070eb00000, 0x000000070eb00000| Untracked 
| 172|0x000000070ec00000, 0x000000070ec00000, 0x000000070ed00000|  0%| F|  |TAMS 0x000000070ec00000, 0x000000070ec00000| Untracked 
| 173|0x000000070ed00000, 0x000000070ed00000, 0x000000070ee00000|  0%| F|  |TAMS 0x000000070ed00000, 0x000000070ed00000| Untracked 
| 174|0x000000070ee00000, 0x000000070ee00000, 0x000000070ef00000|  0%| F|  |TAMS 0x000000070ee00000, 0x000000070ee00000| Untracked 
| 175|0x000000070ef00000, 0x000000070ef00000, 0x000000070f000000|  0%| F|  |TAMS 0x000000070ef00000, 0x000000070ef00000| Untracked 
| 176|0x000000070f000000, 0x000000070f000000, 0x000000070f100000|  0%| F|  |TAMS 0x000000070f000000, 0x000000070f000000| Untracked 
| 177|0x000000070f100000, 0x000000070f100000, 0x000000070f200000|  0%| F|  |TAMS 0x000000070f100000, 0x000000070f100000| Untracked 
| 178|0x000000070f200000, 0x000000070f200000, 0x000000070f300000|  0%| F|  |TAMS 0x000000070f200000, 0x000000070f200000| Untracked 
| 179|0x000000070f300000, 0x000000070f300000, 0x000000070f400000|  0%| F|  |TAMS 0x000000070f300000, 0x000000070f300000| Untracked 
| 180|0x000000070f400000, 0x000000070f400000, 0x000000070f500000|  0%| F|  |TAMS 0x000000070f400000, 0x000000070f400000| Untracked 
| 181|0x000000070f500000, 0x000000070f500000, 0x000000070f600000|  0%| F|  |TAMS 0x000000070f500000, 0x000000070f500000| Untracked 
| 182|0x000000070f600000, 0x000000070f600000, 0x000000070f700000|  0%| F|  |TAMS 0x000000070f600000, 0x000000070f600000| Untracked 
| 183|0x000000070f700000, 0x000000070f700000, 0x000000070f800000|  0%| F|  |TAMS 0x000000070f700000, 0x000000070f700000| Untracked 
| 184|0x000000070f800000, 0x000000070f800000, 0x000000070f900000|  0%| F|  |TAMS 0x000000070f800000, 0x000000070f800000| Untracked 
| 185|0x000000070f900000, 0x000000070f900000, 0x000000070fa00000|  0%| F|  |TAMS 0x000000070f900000, 0x000000070f900000| Untracked 
| 186|0x000000070fa00000, 0x000000070fa00000, 0x000000070fb00000|  0%| F|  |TAMS 0x000000070fa00000, 0x000000070fa00000| Untracked 
| 187|0x000000070fb00000, 0x000000070fb00000, 0x000000070fc00000|  0%| F|  |TAMS 0x000000070fb00000, 0x000000070fb00000| Untracked 
| 188|0x000000070fc00000, 0x000000070fc00000, 0x000000070fd00000|  0%| F|  |TAMS 0x000000070fc00000, 0x000000070fc00000| Untracked 
| 189|0x000000070fd00000, 0x000000070fd00000, 0x000000070fe00000|  0%| F|  |TAMS 0x000000070fd00000, 0x000000070fd00000| Untracked 
| 190|0x000000070fe00000, 0x000000070fe00000, 0x000000070ff00000|  0%| F|  |TAMS 0x000000070fe00000, 0x000000070fe00000| Untracked 
| 191|0x000000070ff00000, 0x000000070ff00000, 0x0000000710000000|  0%| F|  |TAMS 0x000000070ff00000, 0x000000070ff00000| Untracked 
| 192|0x0000000710000000, 0x0000000710000000, 0x0000000710100000|  0%| F|  |TAMS 0x0000000710000000, 0x0000000710000000| Untracked 
| 193|0x0000000710100000, 0x0000000710100000, 0x0000000710200000|  0%| F|  |TAMS 0x0000000710100000, 0x0000000710100000| Untracked 
| 194|0x0000000710200000, 0x0000000710200000, 0x0000000710300000|  0%| F|  |TAMS 0x0000000710200000, 0x0000000710200000| Untracked 
| 195|0x0000000710300000, 0x0000000710300000, 0x0000000710400000|  0%| F|  |TAMS 0x0000000710300000, 0x0000000710300000| Untracked 
| 196|0x0000000710400000, 0x0000000710400000, 0x0000000710500000|  0%| F|  |TAMS 0x0000000710400000, 0x0000000710400000| Untracked 
| 197|0x0000000710500000, 0x0000000710500000, 0x0000000710600000|  0%| F|  |TAMS 0x0000000710500000, 0x0000000710500000| Untracked 
| 198|0x0000000710600000, 0x0000000710600000, 0x0000000710700000|  0%| F|  |TAMS 0x0000000710600000, 0x0000000710600000| Untracked 
| 199|0x0000000710700000, 0x0000000710700000, 0x0000000710800000|  0%| F|  |TAMS 0x0000000710700000, 0x0000000710700000| Untracked 
| 200|0x0000000710800000, 0x0000000710800000, 0x0000000710900000|  0%| F|  |TAMS 0x0000000710800000, 0x0000000710800000| Untracked 
| 201|0x0000000710900000, 0x0000000710900000, 0x0000000710a00000|  0%| F|  |TAMS 0x0000000710900000, 0x0000000710900000| Untracked 
| 202|0x0000000710a00000, 0x0000000710a00000, 0x0000000710b00000|  0%| F|  |TAMS 0x0000000710a00000, 0x0000000710a00000| Untracked 
| 203|0x0000000710b00000, 0x0000000710b00000, 0x0000000710c00000|  0%| F|  |TAMS 0x0000000710b00000, 0x0000000710b00000| Untracked 
| 204|0x0000000710c00000, 0x0000000710c00000, 0x0000000710d00000|  0%| F|  |TAMS 0x0000000710c00000, 0x0000000710c00000| Untracked 
| 205|0x0000000710d00000, 0x0000000710d00000, 0x0000000710e00000|  0%| F|  |TAMS 0x0000000710d00000, 0x0000000710d00000| Untracked 
| 206|0x0000000710e00000, 0x0000000710e00000, 0x0000000710f00000|  0%| F|  |TAMS 0x0000000710e00000, 0x0000000710e00000| Untracked 
| 207|0x0000000710f00000, 0x0000000710f00000, 0x0000000711000000|  0%| F|  |TAMS 0x0000000710f00000, 0x0000000710f00000| Untracked 
| 208|0x0000000711000000, 0x0000000711000000, 0x0000000711100000|  0%| F|  |TAMS 0x0000000711000000, 0x0000000711000000| Untracked 
| 209|0x0000000711100000, 0x0000000711100000, 0x0000000711200000|  0%| F|  |TAMS 0x0000000711100000, 0x0000000711100000| Untracked 
| 210|0x0000000711200000, 0x0000000711200000, 0x0000000711300000|  0%| F|  |TAMS 0x0000000711200000, 0x0000000711200000| Untracked 
| 211|0x0000000711300000, 0x0000000711300000, 0x0000000711400000|  0%| F|  |TAMS 0x0000000711300000, 0x0000000711300000| Untracked 
| 212|0x0000000711400000, 0x0000000711400000, 0x0000000711500000|  0%| F|  |TAMS 0x0000000711400000, 0x0000000711400000| Untracked 
| 213|0x0000000711500000, 0x0000000711500000, 0x0000000711600000|  0%| F|  |TAMS 0x0000000711500000, 0x0000000711500000| Untracked 
| 214|0x0000000711600000, 0x0000000711600000, 0x0000000711700000|  0%| F|  |TAMS 0x0000000711600000, 0x0000000711600000| Untracked 
| 215|0x0000000711700000, 0x0000000711700000, 0x0000000711800000|  0%| F|  |TAMS 0x0000000711700000, 0x0000000711700000| Untracked 
| 216|0x0000000711800000, 0x0000000711800000, 0x0000000711900000|  0%| F|  |TAMS 0x0000000711800000, 0x0000000711800000| Untracked 
| 217|0x0000000711900000, 0x0000000711900000, 0x0000000711a00000|  0%| F|  |TAMS 0x0000000711900000, 0x0000000711900000| Untracked 
| 218|0x0000000711a00000, 0x0000000711a00000, 0x0000000711b00000|  0%| F|  |TAMS 0x0000000711a00000, 0x0000000711a00000| Untracked 
| 219|0x0000000711b00000, 0x0000000711b00000, 0x0000000711c00000|  0%| F|  |TAMS 0x0000000711b00000, 0x0000000711b00000| Untracked 
| 220|0x0000000711c00000, 0x0000000711c00000, 0x0000000711d00000|  0%| F|  |TAMS 0x0000000711c00000, 0x0000000711c00000| Untracked 
| 221|0x0000000711d00000, 0x0000000711d00000, 0x0000000711e00000|  0%| F|  |TAMS 0x0000000711d00000, 0x0000000711d00000| Untracked 
| 222|0x0000000711e00000, 0x0000000711e00000, 0x0000000711f00000|  0%| F|  |TAMS 0x0000000711e00000, 0x0000000711e00000| Untracked 
| 223|0x0000000711f00000, 0x0000000711f00000, 0x0000000712000000|  0%| F|  |TAMS 0x0000000711f00000, 0x0000000711f00000| Untracked 
| 224|0x0000000712000000, 0x0000000712000000, 0x0000000712100000|  0%| F|  |TAMS 0x0000000712000000, 0x0000000712000000| Untracked 
| 225|0x0000000712100000, 0x0000000712100000, 0x0000000712200000|  0%| F|  |TAMS 0x0000000712100000, 0x0000000712100000| Untracked 
| 226|0x0000000712200000, 0x0000000712200000, 0x0000000712300000|  0%| F|  |TAMS 0x0000000712200000, 0x0000000712200000| Untracked 
| 227|0x0000000712300000, 0x0000000712300000, 0x0000000712400000|  0%| F|  |TAMS 0x0000000712300000, 0x0000000712300000| Untracked 
| 228|0x0000000712400000, 0x0000000712400000, 0x0000000712500000|  0%| F|  |TAMS 0x0000000712400000, 0x0000000712400000| Untracked 
| 229|0x0000000712500000, 0x0000000712500000, 0x0000000712600000|  0%| F|  |TAMS 0x0000000712500000, 0x0000000712500000| Untracked 
| 230|0x0000000712600000, 0x0000000712600000, 0x0000000712700000|  0%| F|  |TAMS 0x0000000712600000, 0x0000000712600000| Untracked 
| 231|0x0000000712700000, 0x0000000712700000, 0x0000000712800000|  0%| F|  |TAMS 0x0000000712700000, 0x0000000712700000| Untracked 
| 232|0x0000000712800000, 0x0000000712800000, 0x0000000712900000|  0%| F|  |TAMS 0x0000000712800000, 0x0000000712800000| Untracked 
| 233|0x0000000712900000, 0x0000000712900000, 0x0000000712a00000|  0%| F|  |TAMS 0x0000000712900000, 0x0000000712900000| Untracked 
| 234|0x0000000712a00000, 0x0000000712a00000, 0x0000000712b00000|  0%| F|  |TAMS 0x0000000712a00000, 0x0000000712a00000| Untracked 
| 235|0x0000000712b00000, 0x0000000712b00000, 0x0000000712c00000|  0%| F|  |TAMS 0x0000000712b00000, 0x0000000712b00000| Untracked 
| 236|0x0000000712c00000, 0x0000000712c00000, 0x0000000712d00000|  0%| F|  |TAMS 0x0000000712c00000, 0x0000000712c00000| Untracked 
| 237|0x0000000712d00000, 0x0000000712d00000, 0x0000000712e00000|  0%| F|  |TAMS 0x0000000712d00000, 0x0000000712d00000| Untracked 
| 238|0x0000000712e00000, 0x0000000712e00000, 0x0000000712f00000|  0%| F|  |TAMS 0x0000000712e00000, 0x0000000712e00000| Untracked 
| 239|0x0000000712f00000, 0x0000000712f00000, 0x0000000713000000|  0%| F|  |TAMS 0x0000000712f00000, 0x0000000712f00000| Untracked 
| 240|0x0000000713000000, 0x0000000713000000, 0x0000000713100000|  0%| F|  |TAMS 0x0000000713000000, 0x0000000713000000| Untracked 
| 241|0x0000000713100000, 0x0000000713100000, 0x0000000713200000|  0%| F|  |TAMS 0x0000000713100000, 0x0000000713100000| Untracked 
| 242|0x0000000713200000, 0x0000000713200000, 0x0000000713300000|  0%| F|  |TAMS 0x0000000713200000, 0x0000000713200000| Untracked 
| 243|0x0000000713300000, 0x0000000713300000, 0x0000000713400000|  0%| F|  |TAMS 0x0000000713300000, 0x0000000713300000| Untracked 
| 244|0x0000000713400000, 0x0000000713400000, 0x0000000713500000|  0%| F|  |TAMS 0x0000000713400000, 0x0000000713400000| Untracked 
| 245|0x0000000713500000, 0x0000000713500000, 0x0000000713600000|  0%| F|  |TAMS 0x0000000713500000, 0x0000000713500000| Untracked 
| 246|0x0000000713600000, 0x000000071367b650, 0x0000000713700000| 48%| E|  |TAMS 0x0000000713600000, 0x0000000713600000| Complete 
| 247|0x0000000713700000, 0x0000000713800000, 0x0000000713800000|100%| E|CS|TAMS 0x0000000713700000, 0x0000000713700000| Complete 
| 248|0x0000000713800000, 0x0000000713900000, 0x0000000713900000|100%| E|CS|TAMS 0x0000000713800000, 0x0000000713800000| Complete 
| 249|0x0000000713900000, 0x0000000713a00000, 0x0000000713a00000|100%| E|CS|TAMS 0x0000000713900000, 0x0000000713900000| Complete 
| 250|0x0000000713a00000, 0x0000000713b00000, 0x0000000713b00000|100%| E|CS|TAMS 0x0000000713a00000, 0x0000000713a00000| Complete 
| 251|0x0000000713b00000, 0x0000000713c00000, 0x0000000713c00000|100%| E|CS|TAMS 0x0000000713b00000, 0x0000000713b00000| Complete 

Card table byte_map: [0x00000273afcc0000,0x00000273b04a0000] _byte_map_base: 0x00000273ac4a0000

Marking Bits (Prev, Next): (CMBitMap*) 0x0000027397893ce8, (CMBitMap*) 0x0000027397893d20
 Prev Bits: [0x00000273b0c80000, 0x00000273b4b80000)
 Next Bits: [0x00000273b4b80000, 0x00000273b8a80000)

Polling page: 0x0000027395770000

Metaspace:

Usage:
  Non-class:      8.19 MB capacity,     8.07 MB ( 98%) used,   121.29 KB (  1%) free+waste,     6.94 KB ( <1%) overhead. 
      Class:    836.00 KB capacity,   784.65 KB ( 94%) used,    48.73 KB (  6%) free+waste,     2.63 KB ( <1%) overhead. 
       Both:      9.01 MB capacity,     8.83 MB ( 98%) used,   170.02 KB (  2%) free+waste,     9.56 KB ( <1%) overhead. 

Virtual space:
  Non-class space:       10.00 MB reserved,       8.25 MB ( 83%) committed 
      Class space:        1.00 GB reserved,     896.00 KB ( <1%) committed 
             Both:        1.01 GB reserved,       9.13 MB ( <1%) committed 

Chunk freelists:
   Non-Class:  60.00 KB
       Class:  28.00 KB
        Both:  88.00 KB

MaxMetaspaceSize: 17179869184.00 GB
CompressedClassSpaceSize: 1.00 GB
Initial GC threshold: 20.80 MB
Current GC threshold: 20.80 MB
CDS: off

CodeHeap 'non-profiled nmethods': size=120000Kb used=126Kb max_used=126Kb free=119873Kb
 bounds [0x00000273a7a60000, 0x00000273a7cd0000, 0x00000273aef90000]
CodeHeap 'profiled nmethods': size=120000Kb used=566Kb max_used=566Kb free=119433Kb
 bounds [0x00000273a0530000, 0x00000273a07a0000, 0x00000273a7a60000]
CodeHeap 'non-nmethods': size=5760Kb used=1204Kb max_used=1217Kb free=4555Kb
 bounds [0x000002739ff90000, 0x00000273a0200000, 0x00000273a0530000]
 total_blobs=780 nmethods=418 adapters=283
 compilation: enabled
              stopped_count=0, restarted_count=0
 full_count=0

Compilation events (20 events):
Event: 667.166 Thread 0x00000273bc13c000  409       3       java.lang.StringUTF16::compress (20 bytes)
Event: 667.166 Thread 0x00000273bc13c000 nmethod 409 0x00000273a05b9f10 code [0x00000273a05ba0e0, 0x00000273a05ba308]
Event: 793.236 Thread 0x00000273bc13c000  410       3       org.eclipse.jdt.launching.internal.org.objectweb.asm.ClassReader::readUtf (44 bytes)
Event: 793.238 Thread 0x00000273bc13c000 nmethod 410 0x00000273a05ba410 code [0x00000273a05ba600, 0x00000273a05baaa8]
Event: 793.238 Thread 0x00000273bc13c000  411       3       org.eclipse.jdt.launching.internal.org.objectweb.asm.ClassReader::readUtf (161 bytes)
Event: 793.238 Thread 0x00000273bc13c000 nmethod 411 0x00000273a05bad10 code [0x00000273a05baf20, 0x00000273a05bb518]
Event: 793.238 Thread 0x00000273bc13c000  412       3       org.eclipse.jdt.launching.internal.org.objectweb.asm.ClassReader::getItem (7 bytes)
Event: 793.238 Thread 0x00000273bc13c000 nmethod 412 0x00000273a05bb910 code [0x00000273a05bbac0, 0x00000273a05bbbf8]
Event: 867.451 Thread 0x00000273bc13c000  414       3       org.eclipse.jdt.launching.internal.org.objectweb.asm.Symbol::<init> (38 bytes)
Event: 867.451 Thread 0x00000273bc13c000 nmethod 414 0x00000273a05bbd10 code [0x00000273a05bbec0, 0x00000273a05bc158]
Event: 867.451 Thread 0x00000273bc13c000  413       3       org.eclipse.jdt.launching.internal.org.objectweb.asm.SymbolTable::hash (10 bytes)
Event: 867.451 Thread 0x00000273bc13c000 nmethod 413 0x00000273a05bc290 code [0x00000273a05bc440, 0x00000273a05bc568]
Event: 867.451 Thread 0x00000273bc13c000  415       3       org.eclipse.jdt.launching.internal.org.objectweb.asm.ClassReader::readUTF8 (23 bytes)
Event: 867.453 Thread 0x00000273bc13c000 nmethod 415 0x00000273a05bc690 code [0x00000273a05bc860, 0x00000273a05bcb08]
Event: 959.245 Thread 0x00000273bc13c000  416       3       org.eclipse.jdt.launching.internal.org.objectweb.asm.SymbolTable::add (39 bytes)
Event: 959.245 Thread 0x00000273bc13c000 nmethod 416 0x00000273a05bcc90 code [0x00000273a05bce60, 0x00000273a05bd1d8]
Event: 959.245 Thread 0x00000273bc13c000  417       3       org.eclipse.jdt.launching.internal.org.objectweb.asm.SymbolTable::addConstantUtf8 (20 bytes)
Event: 959.247 Thread 0x00000273bc13c000 nmethod 417 0x00000273a05bd310 code [0x00000273a05bd500, 0x00000273a05bd868]
Event: 994.922 Thread 0x00000273bc137000  418       4       org.eclipse.jdt.launching.internal.org.objectweb.asm.ClassReader::readUnsignedShort (26 bytes)
Event: 994.924 Thread 0x00000273bc137000 nmethod 418 0x00000273a7a7f610 code [0x00000273a7a7f7a0, 0x00000273a7a7f878]

GC Heap History (0 events):
No events

Deoptimization events (20 events):
Event: 0.196 Thread 0x000002739782e800 DEOPT PACKING pc=0x00000273a05a4184 sp=0x000000af77dfa830
Event: 0.196 Thread 0x000002739782e800 DEOPT UNPACKING pc=0x000002739ffd9d0e sp=0x000000af77df9c98 mode 0
Event: 0.197 Thread 0x000002739782e800 DEOPT PACKING pc=0x00000273a05a4184 sp=0x000000af77dfbbb0
Event: 0.197 Thread 0x000002739782e800 DEOPT UNPACKING pc=0x000002739ffd9d0e sp=0x000000af77dfb018 mode 0
Event: 0.198 Thread 0x000002739782e800 DEOPT PACKING pc=0x00000273a05a4184 sp=0x000000af77dfa7b0
Event: 0.198 Thread 0x000002739782e800 DEOPT UNPACKING pc=0x000002739ffd9d0e sp=0x000000af77df9c18 mode 0
Event: 0.199 Thread 0x000002739782e800 DEOPT PACKING pc=0x00000273a05a4184 sp=0x000000af77dfbae0
Event: 0.199 Thread 0x000002739782e800 DEOPT UNPACKING pc=0x000002739ffd9d0e sp=0x000000af77dfaf48 mode 0
Event: 0.200 Thread 0x000002739782e800 DEOPT PACKING pc=0x00000273a05a4184 sp=0x000000af77dfbbb0
Event: 0.200 Thread 0x000002739782e800 DEOPT UNPACKING pc=0x000002739ffd9d0e sp=0x000000af77dfb018 mode 0
Event: 0.201 Thread 0x000002739782e800 DEOPT PACKING pc=0x00000273a05a4099 sp=0x000000af77dfa420
Event: 0.201 Thread 0x000002739782e800 DEOPT UNPACKING pc=0x000002739ffd9d0e sp=0x000000af77df9888 mode 0
Event: 0.203 Thread 0x000002739782e800 DEOPT PACKING pc=0x00000273a05a4099 sp=0x000000af77dfa420
Event: 0.203 Thread 0x000002739782e800 DEOPT UNPACKING pc=0x000002739ffd9d0e sp=0x000000af77df9888 mode 0
Event: 0.203 Thread 0x000002739782e800 DEOPT PACKING pc=0x00000273a05a4099 sp=0x000000af77dfa420
Event: 0.203 Thread 0x000002739782e800 DEOPT UNPACKING pc=0x000002739ffd9d0e sp=0x000000af77df9888 mode 0
Event: 0.203 Thread 0x000002739782e800 DEOPT PACKING pc=0x00000273a05a4184 sp=0x000000af77dfa420
Event: 0.203 Thread 0x000002739782e800 DEOPT UNPACKING pc=0x000002739ffd9d0e sp=0x000000af77df9888 mode 0
Event: 0.203 Thread 0x000002739782e800 DEOPT PACKING pc=0x00000273a05a4184 sp=0x000000af77dfa420
Event: 0.203 Thread 0x000002739782e800 DEOPT UNPACKING pc=0x000002739ffd9d0e sp=0x000000af77df9888 mode 0

Classes redefined (7 events):
Event: 289.250 Thread 0x00000273bb81d000 redefined class name=fes.aragon.inicio.Problemas, count=1
Event: 667.165 Thread 0x00000273bb81d000 redefined class name=fes.aragon.inicio.Problemas, count=2
Event: 793.237 Thread 0x00000273bb81d000 redefined class name=fes.aragon.inicio.Problemas, count=3
Event: 867.452 Thread 0x00000273bb81d000 redefined class name=fes.aragon.inicio.Problemas, count=4
Event: 896.673 Thread 0x00000273bb81d000 redefined class name=fes.aragon.inicio.Problemas, count=5
Event: 959.246 Thread 0x00000273bb81d000 redefined class name=fes.aragon.inicio.Problemas, count=6
Event: 994.923 Thread 0x00000273bb81d000 redefined class name=fes.aragon.inicio.Problemas, count=7

Internal exceptions (0 events):
No events

Events (20 events):
Event: 959.248 Executing VM operation: ChangeBreakpoints done
Event: 959.249 Executing VM operation: GetFrameCount
Event: 959.249 Executing VM operation: GetFrameCount done
Event: 959.249 Executing VM operation: GetStackTrace
Event: 959.249 Executing VM operation: GetStackTrace done
Event: 959.322 Executing VM operation: GetFrameCount
Event: 959.322 Executing VM operation: GetFrameCount done
Event: 959.322 Executing VM operation: GetOwnedMonitorInfo
Event: 959.322 Executing VM operation: GetOwnedMonitorInfo done
Event: 959.322 Executing VM operation: GetCurrentContendedMonitor
Event: 959.322 Executing VM operation: GetCurrentContendedMonitor done
Event: 973.064 Executing VM operation: GetFrameCount
Event: 973.064 Executing VM operation: GetFrameCount done
Event: 973.064 Executing VM operation: GetOwnedMonitorInfo
Event: 973.064 Executing VM operation: GetOwnedMonitorInfo done
Event: 973.064 Executing VM operation: GetCurrentContendedMonitor
Event: 973.064 Executing VM operation: GetCurrentContendedMonitor done
Event: 994.922 Executing VM operation: RedefineClasses
Event: 994.924 Executing VM operation: RedefineClasses done
Event: 994.928 Executing VM operation: ChangeBreakpoints


Dynamic libraries:
0x00007ff65aaa0000 - 0x00007ff65aaad000 	C:\Program Files\Eclipse Adoptium\jdk-11.0.16.101-hotspot\bin\javaw.exe
0x00007ff9cff40000 - 0x00007ff9d0149000 	C:\WINDOWS\SYSTEM32\ntdll.dll
0x00007ff9ce600000 - 0x00007ff9ce6bd000 	C:\WINDOWS\System32\KERNEL32.DLL
0x00007ff9cd890000 - 0x00007ff9cdc0d000 	C:\WINDOWS\System32\KERNELBASE.dll
0x00007ff9cdc10000 - 0x00007ff9cdd21000 	C:\WINDOWS\System32\ucrtbase.dll
0x00007ff9c3070000 - 0x00007ff9c3087000 	C:\Program Files\Eclipse Adoptium\jdk-11.0.16.101-hotspot\bin\jli.dll
0x00007ff9c3050000 - 0x00007ff9c3065000 	C:\Program Files\Eclipse Adoptium\jdk-11.0.16.101-hotspot\bin\VCRUNTIME140.dll
0x00007ff9cfd50000 - 0x00007ff9cfefd000 	C:\WINDOWS\System32\USER32.dll
0x00007ff9cdd30000 - 0x00007ff9cdd56000 	C:\WINDOWS\System32\win32u.dll
0x00007ff9af960000 - 0x00007ff9afc05000 	C:\WINDOWS\WinSxS\amd64_microsoft.windows.common-controls_6595b64144ccf1df_6.0.22000.120_none_9d947278b86cc467\COMCTL32.dll
0x00007ff9ce1f0000 - 0x00007ff9ce219000 	C:\WINDOWS\System32\GDI32.dll
0x00007ff9cd610000 - 0x00007ff9cd728000 	C:\WINDOWS\System32\gdi32full.dll
0x00007ff9ce090000 - 0x00007ff9ce133000 	C:\WINDOWS\System32\msvcrt.dll
0x00007ff9cd730000 - 0x00007ff9cd7cd000 	C:\WINDOWS\System32\msvcp_win.dll
0x00007ff9cef40000 - 0x00007ff9cef71000 	C:\WINDOWS\System32\IMM32.DLL
0x00007ff96e2c0000 - 0x00007ff96e35b000 	C:\Program Files\Eclipse Adoptium\jdk-11.0.16.101-hotspot\bin\msvcp140.dll
0x00007ff94cd50000 - 0x00007ff94d8d2000 	C:\Program Files\Eclipse Adoptium\jdk-11.0.16.101-hotspot\bin\server\jvm.dll
0x00007ff9ceda0000 - 0x00007ff9cee4e000 	C:\WINDOWS\System32\ADVAPI32.dll
0x00007ff9cfc30000 - 0x00007ff9cfcce000 	C:\WINDOWS\System32\sechost.dll
0x00007ff9ce9b0000 - 0x00007ff9cead0000 	C:\WINDOWS\System32\RPCRT4.dll
0x00007ff9cdec0000 - 0x00007ff9cdec8000 	C:\WINDOWS\System32\PSAPI.DLL
0x00007ff9b41e0000 - 0x00007ff9b41e9000 	C:\WINDOWS\SYSTEM32\WSOCK32.dll
0x00007ff9c4900000 - 0x00007ff9c4933000 	C:\WINDOWS\SYSTEM32\WINMM.dll
0x00007ff9c3030000 - 0x00007ff9c303a000 	C:\WINDOWS\SYSTEM32\VERSION.dll
0x00007ff9ce7e0000 - 0x00007ff9ce84f000 	C:\WINDOWS\System32\WS2_32.dll
0x00007ff9cc610000 - 0x00007ff9cc628000 	C:\WINDOWS\SYSTEM32\kernel.appcore.dll
0x00007ff9c1310000 - 0x00007ff9c1320000 	C:\Program Files\Eclipse Adoptium\jdk-11.0.16.101-hotspot\bin\verify.dll
0x00007ff9cad80000 - 0x00007ff9cafa1000 	C:\WINDOWS\SYSTEM32\DBGHELP.DLL
0x00007ff9c2ff0000 - 0x00007ff9c3021000 	C:\WINDOWS\SYSTEM32\dbgcore.DLL
0x00007ff9cd590000 - 0x00007ff9cd60f000 	C:\WINDOWS\System32\bcryptPrimitives.dll
0x00007ff9c0c90000 - 0x00007ff9c0cb8000 	C:\Program Files\Eclipse Adoptium\jdk-11.0.16.101-hotspot\bin\java.dll
0x00007ff9c1170000 - 0x00007ff9c117a000 	C:\Program Files\Eclipse Adoptium\jdk-11.0.16.101-hotspot\bin\jimage.dll
0x00007ff9c2e60000 - 0x00007ff9c2e98000 	C:\Program Files\Eclipse Adoptium\jdk-11.0.16.101-hotspot\bin\jdwp.dll
0x00007ff9c4bb0000 - 0x00007ff9c4bbe000 	C:\Program Files\Eclipse Adoptium\jdk-11.0.16.101-hotspot\bin\instrument.dll
0x00007ff9c0c70000 - 0x00007ff9c0c88000 	C:\Program Files\Eclipse Adoptium\jdk-11.0.16.101-hotspot\bin\zip.dll
0x00007ff9cf470000 - 0x00007ff9cfc28000 	C:\WINDOWS\System32\SHELL32.dll
0x00007ff9cb5a0000 - 0x00007ff9cbe08000 	C:\WINDOWS\SYSTEM32\windows.storage.dll
0x00007ff9ce220000 - 0x00007ff9ce599000 	C:\WINDOWS\System32\combase.dll
0x00007ff9cb430000 - 0x00007ff9cb596000 	C:\WINDOWS\SYSTEM32\wintypes.dll
0x00007ff9cddd0000 - 0x00007ff9cdeba000 	C:\WINDOWS\System32\SHCORE.dll
0x00007ff9cf3f0000 - 0x00007ff9cf44d000 	C:\WINDOWS\System32\shlwapi.dll
0x00007ff9cd350000 - 0x00007ff9cd371000 	C:\WINDOWS\SYSTEM32\profapi.dll
0x00007ff9c2e50000 - 0x00007ff9c2e5a000 	C:\Program Files\Eclipse Adoptium\jdk-11.0.16.101-hotspot\bin\dt_socket.dll
0x00007ff9cca40000 - 0x00007ff9ccaa7000 	C:\WINDOWS\System32\mswsock.dll
0x00007ff9cc170000 - 0x00007ff9cc258000 	C:\WINDOWS\SYSTEM32\DNSAPI.dll
0x00007ff9cc140000 - 0x00007ff9cc16d000 	C:\WINDOWS\SYSTEM32\IPHLPAPI.DLL
0x00007ff9ced20000 - 0x00007ff9ced29000 	C:\WINDOWS\System32\NSI.dll
0x00007ff9c4940000 - 0x00007ff9c49c1000 	C:\WINDOWS\System32\fwpuclnt.dll
0x00007ff9c48b0000 - 0x00007ff9c48ba000 	C:\Windows\System32\rasadhlp.dll
0x00007ff9c0c50000 - 0x00007ff9c0c69000 	C:\Program Files\Eclipse Adoptium\jdk-11.0.16.101-hotspot\bin\net.dll
0x00007ff9c55a0000 - 0x00007ff9c56ac000 	C:\WINDOWS\SYSTEM32\WINHTTP.dll
0x00007ff9c0bc0000 - 0x00007ff9c0bd3000 	C:\Program Files\Eclipse Adoptium\jdk-11.0.16.101-hotspot\bin\nio.dll

dbghelp: loaded successfully - version: 4.0.5 - missing functions: none
symbol engine: initialized successfully - sym options: 0x614 - pdb path: .;C:\Program Files\Eclipse Adoptium\jdk-11.0.16.101-hotspot\bin;C:\WINDOWS\SYSTEM32;C:\WINDOWS\WinSxS\amd64_microsoft.windows.common-controls_6595b64144ccf1df_6.0.22000.120_none_9d947278b86cc467;C:\Program Files\Eclipse Adoptium\jdk-11.0.16.101-hotspot\bin\server

VM Arguments:
jvm_args: -agentlib:jdwp=transport=dt_socket,suspend=y,address=localhost:53960 -javaagent:C:\Users\ajax2\eclipse\java-2022-06\eclipse\configuration\org.eclipse.osgi\215\0\.cp\lib\javaagent-shaded.jar -Dfile.encoding=UTF-8 
java_command: fes.aragon.inicio.Problemas
java_class_path (initial): C:\Users\ajax2\OneDrive\Documentos\FES Aragón\Tercer semestre\Materias\ESTRUCTURA DE DATOS\Eclipse\Herramientas-1\bin
Launcher Type: SUN_STANDARD

[Global flags]
     intx CICompilerCount                          = 4                                         {product} {ergonomic}
     uint ConcGCThreads                            = 3                                         {product} {ergonomic}
     uint G1ConcRefinementThreads                  = 10                                        {product} {ergonomic}
   size_t G1HeapRegionSize                         = 1048576                                   {product} {ergonomic}
    uintx GCDrainStackTargetSize                   = 64                                        {product} {ergonomic}
   size_t InitialHeapSize                          = 264241152                                 {product} {ergonomic}
   size_t MarkStackSize                            = 4194304                                   {product} {ergonomic}
   size_t MaxHeapSize                              = 4227858432                                {product} {ergonomic}
   size_t MaxNewSize                               = 2536505344                                {product} {ergonomic}
   size_t MinHeapDeltaBytes                        = 1048576                                   {product} {ergonomic}
    uintx NonNMethodCodeHeapSize                   = 5836300                                {pd product} {ergonomic}
    uintx NonProfiledCodeHeapSize                  = 122910970                              {pd product} {ergonomic}
    uintx ProfiledCodeHeapSize                     = 122910970                              {pd product} {ergonomic}
    uintx ReservedCodeCacheSize                    = 251658240                              {pd product} {ergonomic}
     bool SegmentedCodeCache                       = true                                      {product} {ergonomic}
     bool UseCompressedClassPointers               = true                                 {lp64_product} {ergonomic}
     bool UseCompressedOops                        = true                                 {lp64_product} {ergonomic}
     bool UseG1GC                                  = true                                      {product} {ergonomic}
     bool UseLargePagesIndividualAllocation        = false                                  {pd product} {ergonomic}

Logging:
Log output configuration:
 #0: stdout all=warning uptime,level,tags
 #1: stderr all=off uptime,level,tags

Environment Variables:
JAVA_HOME=C:\Program Files\Eclipse Adoptium\jdk-11.0.16.101-hotspot\
PATH=C:/Program Files/Eclipse Adoptium/jdk-11.0.16.101-hotspot/bin/server;C:/Program Files/Eclipse Adoptium/jdk-11.0.16.101-hotspot/bin;C:\Program Files\Eclipse Adoptium\jdk-11.0.16.101-hotspot\bin;C:\Program Files\Common Files\Oracle\Java\javapath;C:\Windows\system32;C:\Windows;C:\Windows\System32\Wbem;C:\Windows\System32\WindowsPowerShell\v1.0\;C:\Windows\System32\OpenSSH\;C:\Program Files (x86)\NVIDIA Corporation\PhysX\Common;C:\Program Files\NVIDIA Corporation\NVIDIA NvDLISR;C:\WINDOWS\system32;C:\WINDOWS;C:\WINDOWS\System32\Wbem;C:\WINDOWS\System32\WindowsPowerShell\v1.0\;C:\WINDOWS\System32\OpenSSH\;C:\Users\ajax2\AppData\Local\Microsoft\WindowsApps;C:\Users\ajax2\AppData\Local\Programs\Microsoft VS Code\bin;C:\Users\ajax2\AppData\Local\atom\bin;%USERPROFILE%\AppData\Local\Microsoft\WindowsApps;;C:\WINDOWS\System32;
USERNAME=ajax2
OS=Windows_NT
PROCESSOR_IDENTIFIER=Intel64 Family 6 Model 141 Stepping 1, GenuineIntel
TMP=C:\Users\ajax2\AppData\Local\Temp
TEMP=C:\Users\ajax2\AppData\Local\Temp



---------------  S Y S T E M  ---------------

OS: Windows 11 , 64 bit Build 22000 (10.0.22000.708)
OS uptime: 12 days 12:25 hours

CPU:total 12 (initial active 12) (6 cores per cpu, 2 threads per core) family 6 model 141 stepping 1 microcode 0x34, cmov, cx8, fxsr, mmx, sse, sse2, sse3, ssse3, sse4.1, sse4.2, popcnt, avx, avx2, aes, clmul, erms, 3dnowpref, lzcnt, ht, tsc, tscinvbit, bmi1, bmi2, adx, evex, sha, fma

Memory: 4k page, system-wide physical 16122M (8536M free)
TotalPageFile size 22010M (AvailPageFile size 10763M)
current process WorkingSet (physical memory assigned to process): 41M, peak: 53M
current process commit charge ("private bytes"): 345M, peak: 346M

vm_info: OpenJDK 64-Bit Server VM (11.0.16.1+1) for windows-amd64 JRE (11.0.16.1+1), built on Aug 16 2022 02:58:04 by "" with MS VC++ 15.9 (VS2017)

END.
